<?xml version="1.0" encoding="UTF-8"?>
<!-- Generated by org.testng.reporters.JUnitXMLReporter -->
<testsuite ignored="0" hostname="DESKTOP-RFS4DAD" failures="0" tests="7" name="Test" time="49.849" errors="0" timestamp="2022-09-30T11:35:36 IST">
  <testcase classname="testClasses.TestClass1" name="test1" time="3.099"/>
  <testcase classname="testClasses.TestClass2" name="test2" time="0.001"/>
  <testcase classname="testClasses.TestClass2" name="verifyusercanSearchProduct" time="3.534"/>
  <testcase classname="testClasses.TestClass2" name="VerifyUserCanGetLowestPriceProductFromEachPage" time="6.385"/>
  <testcase classname="testClasses.TestClass3" name="verifyUserCanOpenProfilePage" time="10.523"/>
  <testcase classname="testClasses.TestClass3" name="addNewAddress" time="1.671"/>
  <testcase classname="testClasses.TestClass3" name="addNewAddress" time="1.392"/>
</testsuite> <!-- Test -->
